Email:2017-07-28 03:56:32
content: 
Hi rega participant<br>
Your account have been accepted , please confirm your identify email by click this link below<br>
<a href="http://localhost/wordpress?ppp_code=eyJhY3QiOiJhY3RpdmF0ZV91c2VyIiwiY29kZSI6IiRQJEI0Rno5TjNxXC9KU0ZHZGhlXC9UclJSWXhFeEMzQzFFMCIsInVzZXJfaWQiOjMxfQ==">http://localhost/wordpress?ppp_code=eyJhY3QiOiJhY3RpdmF0ZV91c2VyIiwiY29kZSI6IiRQJEI0Rno5TjNxXC9KU0ZHZGhlXC9UclJSWXhFeEMzQzFFMCIsInVzZXJfaWQiOjMxfQ==</a>
<br>
Thank you
------------
Email:2017-07-28 03:56:38
content: 
Hi rega participant<br>
Admin Has Rejected your account request<br>
We're Sorry, Your account not have permission to access our site<br>
<br>
Thank you
------------
Email:2017-07-28 04:06:42
content: 
rega6 last-rega6@mailinator.com has requested access to PrivatePropertyPortal.com.au to view properties advertised for sale or lease for relationship managed customers only. Your client has requested that you press the confirm tab below, confirming only that you are their banker. This ensures your  client  is eligible to access this site that is for the exclusive use of relationship managed clients.

here's the detail :<br>
Email : rega6@mailinator.com<br>
Name : rega6 last<br>
Phone : <br>
Private Banker Name : banker name<br>
Private Banker Ph Name : 88888<br>
Private Banker Email  : <br>
-----------<br>
<a href='http://localhost/wordpress?ppp_code=eyJhY3QiOiJhY2NlcHRfdXNlciIsImNvZGUiOiIkUCRCTDNTWFQ0Y3ZCQ0wwZzdcL0VVdVg5c3k4MVlHaXVVLiIsInVzZXJfaWQiOjMzLCJhZG1pbl9jb2RlIjoiNXpvSGcwdTlRUjh4TGIzMThvOWUifQ=='>Approved User</a> | <a href='http://localhost/wordpress?ppp_code=eyJhY3QiOiJyZWplY3RfdXNlciIsImNvZGUiOiIkUCRCTDNTWFQ0Y3ZCQ0wwZzdcL0VVdVg5c3k4MVlHaXVVLiIsInVzZXJfaWQiOjMzLCJhZG1pbl9jb2RlIjoiNXpvSGcwdTlRUjh4TGIzMThvOWUifQ=='>Reject User</a><br>
-----------<br>
PS: If you are banker, You will get email for the passcode to accept user or reject user
------------
Email:2017-07-28 04:13:30
content: 
rega participant-rega6@mailinator.com has requested access to PrivatePropertyPortal.com.au to view properties advertised for sale or lease for relationship managed customers only. Your client has requested that you press the confirm tab below, confirming only that you are their banker. This ensures your  client  is eligible to access this site that is for the exclusive use of relationship managed clients.

here's the detail :<br>
Email : rega6@mailinator.com<br>
Name : rega participant<br>
Phone : <br>
Private Banker Name : banker name<br>
Private Banker Ph Name : 1111<br>
Private Banker Email  : <br>
-----------<br>
<a href='http://localhost/wordpress?ppp_code=eyJhY3QiOiJhY2NlcHRfdXNlciIsImNvZGUiOiIkUCRCS1JGdXh0bFN3eWxuLnpcL2hvT29pWVJZRUlZdS43LiIsInVzZXJfaWQiOjM0LCJhZG1pbl9jb2RlIjoiNXpvSGcwdTlRUjh4TGIzMThvOWUifQ=='>Approved User</a> | <a href='http://localhost/wordpress?ppp_code=eyJhY3QiOiJyZWplY3RfdXNlciIsImNvZGUiOiIkUCRCS1JGdXh0bFN3eWxuLnpcL2hvT29pWVJZRUlZdS43LiIsInVzZXJfaWQiOjM0LCJhZG1pbl9jb2RlIjoiNXpvSGcwdTlRUjh4TGIzMThvOWUifQ=='>Reject User</a><br>
-----------<br>
PS: If you are banker, You will get email for the passcode to accept user or reject user
------------
Email:2017-07-28 04:13:30
content: 
Hi banker name<br>
Here is your passcode to manage user from Rega Site<br>
<b>3216</b><br>
Thank you
------------
Email:2017-07-28 04:13:30
content: 
Hi rega participant<br>
Thankyou for your registration to our site,<br>
Admin will review your account shortly.<br>
Thank you
------------
Email:2017-07-28 04:17:47
content: 
rega participant-rega6@mailinator.com has requested access to PrivatePropertyPortal.com.au to view properties advertised for sale or lease for relationship managed customers only. Your client has requested that you press the confirm tab below, confirming only that you are their banker. This ensures your  client  is eligible to access this site that is for the exclusive use of relationship managed clients.

here's the detail :<br>
Email : rega6@mailinator.com<br>
Name : rega participant<br>
Phone : <br>
Private Banker Name : banker name<br>
Private Banker Ph Name : 1111<br>
Private Banker Email  : <br>
-----------<br>
<a href='http://localhost/wordpress?ppp_code=eyJhY3QiOiJhY2NlcHRfdXNlciIsImNvZGUiOiIkUCRCODJRMUQ3ZXJmOEF0Z2Y0cFRmSm9XXC9uWEZMOXlULiIsInVzZXJfaWQiOjM1LCJhZG1pbl9jb2RlIjoiNXpvSGcwdTlRUjh4TGIzMThvOWUifQ=='>Approved User</a> | <a href='http://localhost/wordpress?ppp_code=eyJhY3QiOiJyZWplY3RfdXNlciIsImNvZGUiOiIkUCRCODJRMUQ3ZXJmOEF0Z2Y0cFRmSm9XXC9uWEZMOXlULiIsInVzZXJfaWQiOjM1LCJhZG1pbl9jb2RlIjoiNXpvSGcwdTlRUjh4TGIzMThvOWUifQ=='>Reject User</a><br>
-----------<br>
PS: If you are banker, You will get email for the passcode to accept user or reject user
------------
Email:2017-07-28 04:17:47
content: 
Hi rega participant<br>
Thankyou for your registration to our site,<br>
Admin will review your account shortly.<br>
Thank you
------------
Email:2017-07-28 04:18:43
content: 
rega participant-rega6@mailinator.com has requested access to PrivatePropertyPortal.com.au to view properties advertised for sale or lease for relationship managed customers only. Your client has requested that you press the confirm tab below, confirming only that you are their banker. This ensures your  client  is eligible to access this site that is for the exclusive use of relationship managed clients.

here's the detail :<br>
Email : rega6@mailinator.com<br>
Name : rega participant<br>
Phone : <br>
Private Banker Name : banker name<br>
Private Banker Ph Name : 1111<br>
Private Banker Email  : <br>
-----------<br>
<a href='http://localhost/wordpress?ppp_code=eyJhY3QiOiJhY2NlcHRfdXNlciIsImNvZGUiOiIkUCRCN1dVVDVjbnllcGhEVm5mdEJnZUV6ZWh0ZEh1cE8wIiwidXNlcl9pZCI6MzYsImFkbWluX2NvZGUiOiI1em9IZzB1OVFSOHhMYjMxOG85ZSJ9'>Approved User</a> | <a href='http://localhost/wordpress?ppp_code=eyJhY3QiOiJyZWplY3RfdXNlciIsImNvZGUiOiIkUCRCN1dVVDVjbnllcGhEVm5mdEJnZUV6ZWh0ZEh1cE8wIiwidXNlcl9pZCI6MzYsImFkbWluX2NvZGUiOiI1em9IZzB1OVFSOHhMYjMxOG85ZSJ9'>Reject User</a><br>
-----------<br>
PS: If you are banker, You will get email for the passcode to accept user or reject user
------------
Email:2017-07-28 04:18:43
content: 
Hi rega participant<br>
Thankyou for your registration to our site,<br>
Admin will review your account shortly.<br>
Thank you
------------
Email:2017-07-28 04:21:17
content: 
rega participant-rega6@mailinator.com has requested access to PrivatePropertyPortal.com.au to view properties advertised for sale or lease for relationship managed customers only. Your client has requested that you press the confirm tab below, confirming only that you are their banker. This ensures your  client  is eligible to access this site that is for the exclusive use of relationship managed clients.

here's the detail :<br>
Email : rega6@mailinator.com<br>
Name : rega participant<br>
Phone : <br>
Private Banker Name : banker name<br>
Private Banker Ph Name : 1111<br>
Private Banker Email  : <br>
-----------<br>
<a href='http://localhost/wordpress?ppp_code=eyJhY3QiOiJhY2NlcHRfdXNlciIsImNvZGUiOiIkUCRCbkhZZnRWM0RzTzVxcUFqSWU4b3M0NkdWemRLQlEuIiwidXNlcl9pZCI6MzcsImFkbWluX2NvZGUiOiI1em9IZzB1OVFSOHhMYjMxOG85ZSJ9'>Approved User</a> | <a href='http://localhost/wordpress?ppp_code=eyJhY3QiOiJyZWplY3RfdXNlciIsImNvZGUiOiIkUCRCbkhZZnRWM0RzTzVxcUFqSWU4b3M0NkdWemRLQlEuIiwidXNlcl9pZCI6MzcsImFkbWluX2NvZGUiOiI1em9IZzB1OVFSOHhMYjMxOG85ZSJ9'>Reject User</a><br>
-----------<br>
PS: If you are banker, You will get email for the passcode to accept user or reject user
------------
Email:2017-07-28 04:21:17
content: 
Hi rega participant<br>
Thankyou for your registration to our site,<br>
Admin will review your account shortly.<br>
Thank you
------------
Email:2017-07-28 04:23:57
content: 
Hi rega participant<br>
Your account have been accepted , please confirm your identify email by click this link below<br>
<a href="http://localhost/wordpress?ppp_code=eyJhY3QiOiJhY3RpdmF0ZV91c2VyIiwiY29kZSI6IiRQJEJuSFlmdFYzRHNPNXFxQWpJZThvczQ2R1Z6ZEtCUS4iLCJ1c2VyX2lkIjozN30=">http://localhost/wordpress?ppp_code=eyJhY3QiOiJhY3RpdmF0ZV91c2VyIiwiY29kZSI6IiRQJEJuSFlmdFYzRHNPNXFxQWpJZThvczQ2R1Z6ZEtCUS4iLCJ1c2VyX2lkIjozN30=</a>
<br>
Thank you
------------
Email:2017-07-28 04:25:32
content: 
Hi rega participant<br>
Your account have been accepted , please confirm your identify email by click this link below<br>
<a href="http://localhost/wordpress?ppp_code=eyJhY3QiOiJhY3RpdmF0ZV91c2VyIiwiY29kZSI6IiRQJEJuSFlmdFYzRHNPNXFxQWpJZThvczQ2R1Z6ZEtCUS4iLCJ1c2VyX2lkIjozN30=">http://localhost/wordpress?ppp_code=eyJhY3QiOiJhY3RpdmF0ZV91c2VyIiwiY29kZSI6IiRQJEJuSFlmdFYzRHNPNXFxQWpJZThvczQ2R1Z6ZEtCUS4iLCJ1c2VyX2lkIjozN30=</a>
<br>
Thank you
------------
Email:2017-07-28 04:29:03
content: 
Hi Admin, your memmber has been activated , here's the detail:<br>
Email : rega6@mailinator.com<br>
Name : rega participant<br>
Phone : <br>
Private Banker Name : banker name<br>
Private Banker Ph Number : 1111<br>
Private Banker EMail Number : <br>

Thank you

------------
Email:2017-07-28 04:31:04
content: 
Hi rega participant<br>
Admin Has Rejected your account request<br>
We're Sorry, Your account not have permission to access our site<br>
<br>
Thank you
------------
Email:2017-07-28 04:31:33
content: 
Hi rega participant<br>
Your account have been accepted , please confirm your identify email by click this link below<br>
<a href="http://localhost/wordpress?ppp_code=eyJhY3QiOiJhY3RpdmF0ZV91c2VyIiwiY29kZSI6IiRQJEJuSFlmdFYzRHNPNXFxQWpJZThvczQ2R1Z6ZEtCUS4iLCJ1c2VyX2lkIjozN30=">http://localhost/wordpress?ppp_code=eyJhY3QiOiJhY3RpdmF0ZV91c2VyIiwiY29kZSI6IiRQJEJuSFlmdFYzRHNPNXFxQWpJZThvczQ2R1Z6ZEtCUS4iLCJ1c2VyX2lkIjozN30=</a>
<br>
Thank you
------------
Email:2017-07-28 04:31:56
content: 
Hi Admin, your memmber has been activated , here's the detail:<br>
Email : rega6@mailinator.com<br>
Name : rega participant<br>
Phone : <br>
Private Banker Name : banker name<br>
Private Banker Ph Number : 1111<br>
Private Banker Email Address : banker2@mailinator.com<br>

Thank you

------------
Email:2017-08-02 01:41:13
content: 
rega cek - user1@mailinator.com has requested access to PrivatePropertyPortal.com.au to view properties advertised for sale or lease for relationship managed customers only. Your client has requested that you press the confirm tab below, confirming only that you are their banker. This ensures your  client  is eligible to access this site that is for the exclusive use of relationship managed clients.
<p>
here's the detail :<br>
Email : user1@mailinator.com<br>
Name : rega cek<br>
Private Banker Name : banker name<br>
Private Banker Ph Name : 11122<br>
Private Banker Email  : banker1@mailinator.com<br>
-----------<br>
<a href='http://localhost/wordpress?ppp_code=eyJhY3QiOiJhY2NlcHRfdXNlciIsImNvZGUiOiIkUCRCaGpNRks5R0FkUnNTRFhjdUJWWmJ2Y3NudHNLRVQwIiwidXNlcl9pZCI6MzgsImFkbWluX2NvZGUiOiI1em9IZzB1OVFSOHhMYjMxOG85ZSJ9'>Approved User</a> | <a href='http://localhost/wordpress?ppp_code=eyJhY3QiOiJyZWplY3RfdXNlciIsImNvZGUiOiIkUCRCaGpNRks5R0FkUnNTRFhjdUJWWmJ2Y3NudHNLRVQwIiwidXNlcl9pZCI6MzgsImFkbWluX2NvZGUiOiI1em9IZzB1OVFSOHhMYjMxOG85ZSJ9'>Reject User</a><br>
-----------<br>

------------
Email:2017-08-02 01:41:13
content: 
Hi rega cek<br>
Thankyou for your registration to our site,<br>
Admin will review your account shortly.<br>
Thank you
------------
Email:2017-08-02 01:51:04
content: 
user 2 last - user2@mailinator.com has requested access to PrivatePropertyPortal.com.au to view properties advertised for sale or lease for relationship managed customers only. Your client has requested that you press the confirm tab below, confirming only that you are their banker. This ensures your  client  is eligible to access this site that is for the exclusive use of relationship managed clients.
<p>
here's the detail :<br>
Email : user2@mailinator.com<br>
Name : user 2 last<br>
Private Banker Name : banker name<br>
Private Banker Ph Name : 877777<br>
Private Banker Email  : banker1@mailinator.com<br>
-----------<br>
<a href='http://localhost/wordpress?ppp_code=eyJhY3QiOiJhY2NlcHRfdXNlciIsImNvZGUiOiIkUCRCa1NhM0FlSkM0bTJwaFY5ZGxkOEpHVmJNNG96QzZcLyIsInVzZXJfaWQiOjM5LCJhZG1pbl9jb2RlIjoiNXpvSGcwdTlRUjh4TGIzMThvOWUifQ=='>Approved User</a> | <a href='http://localhost/wordpress?ppp_code=eyJhY3QiOiJyZWplY3RfdXNlciIsImNvZGUiOiIkUCRCa1NhM0FlSkM0bTJwaFY5ZGxkOEpHVmJNNG96QzZcLyIsInVzZXJfaWQiOjM5LCJhZG1pbl9jb2RlIjoiNXpvSGcwdTlRUjh4TGIzMThvOWUifQ=='>Reject User</a><br>
-----------<br>

------------
Email:2017-08-02 01:51:04
content: 
Hi user 2 last<br>
Thankyou for your registration to our site,<br>
Admin will review your account shortly.<br>
Thank you
------------
Email:2017-08-02 01:51:30
content: 
Hi user 2 last<br>
Your account have been accepted , please confirm your identify email by click this link below<br>
<a href="http://localhost/wordpress?ppp_code=eyJhY3QiOiJhY3RpdmF0ZV91c2VyIiwiY29kZSI6IiRQJEJrU2EzQWVKQzRtMnBoVjlkbGQ4SkdWYk00b3pDNlwvIiwidXNlcl9pZCI6Mzl9">http://localhost/wordpress?ppp_code=eyJhY3QiOiJhY3RpdmF0ZV91c2VyIiwiY29kZSI6IiRQJEJrU2EzQWVKQzRtMnBoVjlkbGQ4SkdWYk00b3pDNlwvIiwidXNlcl9pZCI6Mzl9</a>
<br>
Thank you
------------
Email:2017-08-02 01:52:12
content: 
Hi Admin, your member has been activated , here's the detail:<br>
Email : user2@mailinator.com<br>
Name : user 2 last<br>
Private Banker Name : banker name<br>
Private Banker Ph Number : 877777<br>
Private Banker Email Address : banker1@mailinator.com<br>

Thank you

------------
